<?xml version="1.0" encoding="UTF-8"?>
<testsuite xmlns:xsi="http://www.w3.org/2001/XMLSchema-instance" xsi:noNamespaceSchemaLocation="https://maven.apache.org/surefire/maven-surefire-plugin/xsd/surefire-test-report-3.0.xsd" version="3.0" name="lixinandzhaoxw.assessment1project.assessment1Test" time="0.336" tests="3" errors="0" skipped="0" failures="0">
  <properties>
    <property name="java.specification.version" value="16"/>
    <property name="sun.cpu.isalist" value="amd64"/>
    <property name="sun.jnu.encoding" value="GBK"/>
    <property name="java.class.path" value="D:\study\251Tutorial\githubAss1\assn1project\target\test-classes;D:\Maven\.m2\repository\org\openjfx\javafx-controls\16\javafx-controls-16.jar;D:\Maven\.m2\repository\org\openjfx\javafx-fxml\16\javafx-fxml-16.jar;D:\Maven\.m2\repository\org\apache\xmlgraphics\fop\2.3\fop-2.3.jar;D:\Maven\.m2\repository\org\apache\xmlgraphics\batik-svg-dom\1.10\batik-svg-dom-1.10.jar;D:\Maven\.m2\repository\org\apache\xmlgraphics\batik-css\1.10\batik-css-1.10.jar;D:\Maven\.m2\repository\org\apache\xmlgraphics\batik-dom\1.10\batik-dom-1.10.jar;D:\Maven\.m2\repository\xalan\xalan\2.7.2\xalan-2.7.2.jar;D:\Maven\.m2\repository\org\apache\xmlgraphics\batik-parser\1.10\batik-parser-1.10.jar;D:\Maven\.m2\repository\org\apache\xmlgraphics\batik-util\1.10\batik-util-1.10.jar;D:\Maven\.m2\repository\org\apache\xmlgraphics\batik-constants\1.10\batik-constants-1.10.jar;D:\Maven\.m2\repository\org\apache\xmlgraphics\batik-i18n\1.10\batik-i18n-1.10.jar;D:\Maven\.m2\repository\xml-apis\xml-apis-ext\1.3.04\xml-apis-ext-1.3.04.jar;D:\Maven\.m2\repository\org\apache\xmlgraphics\batik-bridge\1.10\batik-bridge-1.10.jar;D:\Maven\.m2\repository\org\apache\xmlgraphics\batik-anim\1.10\batik-anim-1.10.jar;D:\Maven\.m2\repository\org\apache\xmlgraphics\batik-script\1.10\batik-script-1.10.jar;D:\Maven\.m2\repository\org\apache\xmlgraphics\batik-xml\1.10\batik-xml-1.10.jar;D:\Maven\.m2\repository\org\apache\xmlgraphics\batik-awt-util\1.10\batik-awt-util-1.10.jar;D:\Maven\.m2\repository\org\apache\xmlgraphics\batik-gvt\1.10\batik-gvt-1.10.jar;D:\Maven\.m2\repository\org\apache\xmlgraphics\batik-transcoder\1.10\batik-transcoder-1.10.jar;D:\Maven\.m2\repository\org\apache\xmlgraphics\batik-svggen\1.10\batik-svggen-1.10.jar;D:\Maven\.m2\repository\org\apache\xmlgraphics\batik-extension\1.10\batik-extension-1.10.jar;D:\Maven\.m2\repository\org\apache\xmlgraphics\batik-ext\1.10\batik-ext-1.10.jar;D:\Maven\.m2\repository\commons-logging\commons-logging\1.0.4\commons-logging-1.0.4.jar;D:\Maven\.m2\repository\commons-io\commons-io\1.3.1\commons-io-1.3.1.jar;D:\Maven\.m2\repository\org\apache\avalon\framework\avalon-framework-api\4.3.1\avalon-framework-api-4.3.1.jar;D:\Maven\.m2\repository\org\apache\avalon\framework\avalon-framework-impl\4.3.1\avalon-framework-impl-4.3.1.jar;D:\Maven\.m2\repository\org\apache\xmlgraphics\xmlgraphics-commons\2.3\xmlgraphics-commons-2.3.jar;D:\Maven\.m2\repository\com\google\code\findbugs\jsr305\3.0.2\jsr305-3.0.2.jar;D:\Maven\.m2\repository\org\openjfx\javafx-base\16\javafx-base-16.jar;D:\Maven\.m2\repository\xerces\xercesImpl\2.12.0\xercesImpl-2.12.0.jar;D:\Maven\.m2\repository\xml-apis\xml-apis\1.4.01\xml-apis-1.4.01.jar;D:\Maven\.m2\repository\xalan\serializer\2.7.2\serializer-2.7.2.jar;D:\Maven\.m2\repository\org\apache\jena\jena-core\3.9.0\jena-core-3.9.0.jar;D:\Maven\.m2\repository\org\apache\jena\jena-iri\3.9.0\jena-iri-3.9.0.jar;D:\Maven\.m2\repository\commons-cli\commons-cli\1.4\commons-cli-1.4.jar;D:\Maven\.m2\repository\commons-codec\commons-codec\1.11\commons-codec-1.11.jar;D:\Maven\.m2\repository\org\apache\jena\jena-base\3.9.0\jena-base-3.9.0.jar;D:\Maven\.m2\repository\org\apache\jena\jena-shaded-guava\3.9.0\jena-shaded-guava-3.9.0.jar;D:\Maven\.m2\repository\org\apache\commons\commons-csv\1.5\commons-csv-1.5.jar;D:\Maven\.m2\repository\org\apache\commons\commons-compress\1.17\commons-compress-1.17.jar;D:\Maven\.m2\repository\com\github\andrewoma\dexx\collection\0.7\collection-0.7.jar;D:\Maven\.m2\repository\net\rootdev\java-rdfa\0.4.2\java-rdfa-0.4.2.jar;D:\Maven\.m2\repository\commons-validator\commons-validator\1.6\commons-validator-1.6.jar;D:\Maven\.m2\repository\commons-beanutils\commons-beanutils\1.9.2\commons-beanutils-1.9.2.jar;D:\Maven\.m2\repository\commons-digester\commons-digester\1.8.1\commons-digester-1.8.1.jar;D:\Maven\.m2\repository\commons-collections\commons-collections\3.2.2\commons-collections-3.2.2.jar;D:\Maven\.m2\repository\org\apache\commons\commons-lang3\3.9\commons-lang3-3.9.jar;D:\Maven\.m2\repository\org\json\json\20190722\json-20190722.jar;D:\Maven\.m2\repository\pl\project13\maven\git-commit-id-plugin\3.0.1\git-commit-id-plugin-3.0.1.jar;D:\Maven\.m2\repository\org\sonatype\plexus\plexus-build-api\0.0.7\plexus-build-api-0.0.7.jar;D:\Maven\.m2\repository\com\fasterxml\jackson\core\jackson-databind\2.9.9.3\jackson-databind-2.9.9.3.jar;D:\Maven\.m2\repository\com\fasterxml\jackson\core\jackson-annotations\2.9.0\jackson-annotations-2.9.0.jar;D:\Maven\.m2\repository\com\fasterxml\jackson\core\jackson-core\2.9.9\jackson-core-2.9.9.jar;D:\Maven\.m2\repository\joda-time\joda-time\2.10.3\joda-time-2.10.3.jar;D:\Maven\.m2\repository\com\google\guava\guava\28.0-jre\guava-28.0-jre.jar;D:\Maven\.m2\repository\com\google\guava\failureaccess\1.0.1\failureaccess-1.0.1.jar;D:\Maven\.m2\repository\com\google\guava\listenablefuture\9999.0-empty-to-avoid-conflict-with-guava\listenablefuture-9999.0-empty-to-avoid-conflict-with-guava.jar;D:\Maven\.m2\repository\org\checkerframework\checker-qual\2.8.1\checker-qual-2.8.1.jar;D:\Maven\.m2\repository\com\google\errorprone\error_prone_annotations\2.3.2\error_prone_annotations-2.3.2.jar;D:\Maven\.m2\repository\com\google\j2objc\j2objc-annotations\1.3\j2objc-annotations-1.3.jar;D:\Maven\.m2\repository\org\codehaus\mojo\animal-sniffer-annotations\1.17\animal-sniffer-annotations-1.17.jar;D:\Maven\.m2\repository\org\eclipse\jgit\org.eclipse.jgit\5.2.2.201904231744-r\org.eclipse.jgit-5.2.2.201904231744-r.jar;D:\Maven\.m2\repository\com\jcraft\jsch\0.1.54\jsch-0.1.54.jar;D:\Maven\.m2\repository\com\jcraft\jzlib\1.1.1\jzlib-1.1.1.jar;D:\Maven\.m2\repository\com\googlecode\javaewah\JavaEWAH\1.1.6\JavaEWAH-1.1.6.jar;D:\Maven\.m2\repository\org\apache\pdfbox\fontbox\2.0.24\fontbox-2.0.24.jar;D:\Maven\.m2\repository\junit\junit\4.11\junit-4.11.jar;D:\Maven\.m2\repository\org\hamcrest\hamcrest-core\1.3\hamcrest-core-1.3.jar;D:\Maven\.m2\repository\org\openjfx\javafx-graphics\16\javafx-graphics-16.jar;D:\Maven\.m2\repository\org\reactfx\reactfx\2.0-M5\reactfx-2.0-M5.jar;D:\Maven\.m2\repository\org\fxmisc\undo\undofx\2.1.0\undofx-2.1.0.jar;D:\Maven\.m2\repository\org\fxmisc\flowless\flowless\0.6.3\flowless-0.6.3.jar;D:\Maven\.m2\repository\org\fxmisc\wellbehaved\wellbehavedfx\0.3.3\wellbehavedfx-0.3.3.jar;D:\Maven\.m2\repository\org\apache\maven\plugins\maven-pmd-plugin\3.15.0\maven-pmd-plugin-3.15.0.jar;D:\Maven\.m2\repository\org\apache\maven\maven-core\3.1.0\maven-core-3.1.0.jar;D:\Maven\.m2\repository\org\apache\maven\maven-settings\3.1.0\maven-settings-3.1.0.jar;D:\Maven\.m2\repository\org\apache\maven\maven-settings-builder\3.1.0\maven-settings-builder-3.1.0.jar;D:\Maven\.m2\repository\org\apache\maven\maven-repository-metadata\3.1.0\maven-repository-metadata-3.1.0.jar;D:\Maven\.m2\repository\org\apache\maven\maven-model-builder\3.1.0\maven-model-builder-3.1.0.jar;D:\Maven\.m2\repository\org\apache\maven\maven-aether-provider\3.1.0\maven-aether-provider-3.1.0.jar;D:\Maven\.m2\repository\org\eclipse\aether\aether-spi\0.9.0.M2\aether-spi-0.9.0.M2.jar;D:\Maven\.m2\repository\org\eclipse\aether\aether-impl\0.9.0.M2\aether-impl-0.9.0.M2.jar;D:\Maven\.m2\repository\org\eclipse\aether\aether-api\0.9.0.M2\aether-api-0.9.0.M2.jar;D:\Maven\.m2\repository\org\eclipse\aether\aether-util\0.9.0.M2\aether-util-0.9.0.M2.jar;D:\Maven\.m2\repository\org\eclipse\sisu\org.eclipse.sisu.plexus\0.0.0.M2a\org.eclipse.sisu.plexus-0.0.0.M2a.jar;D:\Maven\.m2\repository\javax\enterprise\cdi-api\1.0\cdi-api-1.0.jar;D:\Maven\.m2\repository\javax\annotation\jsr250-api\1.0\jsr250-api-1.0.jar;D:\Maven\.m2\repository\javax\inject\javax.inject\1\javax.inject-1.jar;D:\Maven\.m2\repository\org\sonatype\sisu\sisu-guice\3.1.0\sisu-guice-3.1.0-no_aop.jar;D:\Maven\.m2\repository\aopalliance\aopalliance\1.0\aopalliance-1.0.jar;D:\Maven\.m2\repository\org\eclipse\sisu\org.eclipse.sisu.inject\0.0.0.M2a\org.eclipse.sisu.inject-0.0.0.M2a.jar;D:\Maven\.m2\repository\asm\asm\3.3.1\asm-3.3.1.jar;D:\Maven\.m2\repository\org\codehaus\plexus\plexus-interpolation\1.16\plexus-interpolation-1.16.jar;D:\Maven\.m2\repository\org\codehaus\plexus\plexus-classworlds\2.4.2\plexus-classworlds-2.4.2.jar;D:\Maven\.m2\repository\org\codehaus\plexus\plexus-component-annotations\1.5.5\plexus-component-annotations-1.5.5.jar;D:\Maven\.m2\repository\org\sonatype\plexus\plexus-sec-dispatcher\1.3\plexus-sec-dispatcher-1.3.jar;D:\Maven\.m2\repository\org\sonatype\plexus\plexus-cipher\1.4\plexus-cipher-1.4.jar;D:\Maven\.m2\repository\org\apache\maven\maven-artifact\3.1.0\maven-artifact-3.1.0.jar;D:\Maven\.m2\repository\org\apache\maven\maven-model\3.1.0\maven-model-3.1.0.jar;D:\Maven\.m2\repository\org\apache\maven\maven-plugin-api\3.1.0\maven-plugin-api-3.1.0.jar;D:\Maven\.m2\repository\org\apache\maven\shared\maven-artifact-transfer\0.11.0\maven-artifact-transfer-0.11.0.jar;D:\Maven\.m2\repository\org\apache\maven\shared\maven-common-artifact-filters\3.1.0\maven-common-artifact-filters-3.1.0.jar;D:\Maven\.m2\repository\org\sonatype\sisu\sisu-inject-plexus\1.4.2\sisu-inject-plexus-1.4.2.jar;D:\Maven\.m2\repository\org\sonatype\sisu\sisu-inject-bean\1.4.2\sisu-inject-bean-1.4.2.jar;D:\Maven\.m2\repository\net\sourceforge\pmd\pmd-core\6.38.0\pmd-core-6.38.0.jar;D:\Maven\.m2\repository\org\antlr\antlr4-runtime\4.7.2\antlr4-runtime-4.7.2.jar;D:\Maven\.m2\repository\com\beust\jcommander\1.48\jcommander-1.48.jar;D:\Maven\.m2\repository\net\sourceforge\saxon\saxon\9.1.0.8\saxon-9.1.0.8.jar;D:\Maven\.m2\repository\org\ow2\asm\asm\9.2\asm-9.2.jar;D:\Maven\.m2\repository\com\google\code\gson\gson\2.8.5\gson-2.8.5.jar;D:\Maven\.m2\repository\net\sourceforge\saxon\saxon\9.1.0.8\saxon-9.1.0.8-dom.jar;D:\Maven\.m2\repository\net\sourceforge\pmd\pmd-java\6.38.0\pmd-java-6.38.0.jar;D:\Maven\.m2\repository\net\sourceforge\pmd\pmd-javascript\6.38.0\pmd-javascript-6.38.0.jar;D:\Maven\.m2\repository\org\mozilla\rhino\1.7.13\rhino-1.7.13.jar;D:\Maven\.m2\repository\net\sourceforge\pmd\pmd-jsp\6.38.0\pmd-jsp-6.38.0.jar;D:\Maven\.m2\repository\org\slf4j\slf4j-api\1.7.25\slf4j-api-1.7.25.jar;D:\Maven\.m2\repository\org\slf4j\jul-to-slf4j\1.7.25\jul-to-slf4j-1.7.25.jar;D:\Maven\.m2\repository\org\apache\maven\doxia\doxia-sink-api\1.9.1\doxia-sink-api-1.9.1.jar;D:\Maven\.m2\repository\org\apache\maven\doxia\doxia-logging-api\1.9.1\doxia-logging-api-1.9.1.jar;D:\Maven\.m2\repository\org\apache\maven\doxia\doxia-decoration-model\1.9.2\doxia-decoration-model-1.9.2.jar;D:\Maven\.m2\repository\org\apache\maven\doxia\doxia-site-renderer\1.9.2\doxia-site-renderer-1.9.2.jar;D:\Maven\.m2\repository\org\apache\maven\doxia\doxia-core\1.9.1\doxia-core-1.9.1.jar;D:\Maven\.m2\repository\org\apache\httpcomponents\httpclient\4.5.8\httpclient-4.5.8.jar;D:\Maven\.m2\repository\org\apache\httpcomponents\httpcore\4.4.11\httpcore-4.4.11.jar;D:\Maven\.m2\repository\org\apache\maven\doxia\doxia-skin-model\1.9.2\doxia-skin-model-1.9.2.jar;D:\Maven\.m2\repository\org\apache\maven\doxia\doxia-module-xhtml\1.9.1\doxia-module-xhtml-1.9.1.jar;D:\Maven\.m2\repository\org\apache\maven\doxia\doxia-module-xhtml5\1.9.1\doxia-module-xhtml5-1.9.1.jar;D:\Maven\.m2\repository\org\codehaus\plexus\plexus-i18n\1.0-beta-10\plexus-i18n-1.0-beta-10.jar;D:\Maven\.m2\repository\org\codehaus\plexus\plexus-container-default\1.0-alpha-30\plexus-container-default-1.0-alpha-30.jar;D:\Maven\.m2\repository\org\codehaus\plexus\plexus-velocity\1.2\plexus-velocity-1.2.jar;D:\Maven\.m2\repository\org\apache\velocity\velocity\1.7\velocity-1.7.jar;D:\Maven\.m2\repository\commons-lang\commons-lang\2.4\commons-lang-2.4.jar;D:\Maven\.m2\repository\org\apache\velocity\velocity-tools\2.0\velocity-tools-2.0.jar;D:\Maven\.m2\repository\commons-chain\commons-chain\1.1\commons-chain-1.1.jar;D:\Maven\.m2\repository\dom4j\dom4j\1.1\dom4j-1.1.jar;D:\Maven\.m2\repository\oro\oro\2.0.8\oro-2.0.8.jar;D:\Maven\.m2\repository\org\apache\maven\reporting\maven-reporting-api\3.0\maven-reporting-api-3.0.jar;D:\Maven\.m2\repository\org\apache\maven\reporting\maven-reporting-impl\3.0.0\maven-reporting-impl-3.0.0.jar;D:\Maven\.m2\repository\org\apache\maven\shared\maven-shared-utils\3.3.3\maven-shared-utils-3.3.3.jar;D:\Maven\.m2\repository\org\codehaus\plexus\plexus-resources\1.1.0\plexus-resources-1.1.0.jar;D:\Maven\.m2\repository\org\codehaus\plexus\plexus-utils\3.3.0\plexus-utils-3.3.0.jar;"/>
    <property name="java.vm.vendor" value="Oracle Corporation"/>
    <property name="sun.arch.data.model" value="64"/>
    <property name="user.variant" value=""/>
    <property name="java.vendor.url" value="https://java.oracle.com/"/>
    <property name="user.timezone" value="Asia/Shanghai"/>
    <property name="os.name" value="Windows 10"/>
    <property name="java.vm.specification.version" value="16"/>
    <property name="sun.java.launcher" value="SUN_STANDARD"/>
    <property name="user.country" value="CN"/>
    <property name="sun.boot.library.path" value="D:\study\Java\jdk16.0.1\bin"/>
    <property name="sun.java.command" value="org.apache.maven.surefire.booter.ForkedBooter C:\Users\95717\AppData\Local\Temp\surefire484800646483096307 2021-10-15T10-08-23_278-jvmRun1 surefire2223041151495621713tmp surefire_010297746542361532646tmp"/>
    <property name="jdk.debug" value="release"/>
    <property name="surefire.test.class.path" value="D:\study\251Tutorial\githubAss1\assn1project\target\test-classes;D:\Maven\.m2\repository\org\openjfx\javafx-controls\16\javafx-controls-16.jar;D:\Maven\.m2\repository\org\openjfx\javafx-fxml\16\javafx-fxml-16.jar;D:\Maven\.m2\repository\org\apache\xmlgraphics\fop\2.3\fop-2.3.jar;D:\Maven\.m2\repository\org\apache\xmlgraphics\batik-svg-dom\1.10\batik-svg-dom-1.10.jar;D:\Maven\.m2\repository\org\apache\xmlgraphics\batik-css\1.10\batik-css-1.10.jar;D:\Maven\.m2\repository\org\apache\xmlgraphics\batik-dom\1.10\batik-dom-1.10.jar;D:\Maven\.m2\repository\xalan\xalan\2.7.2\xalan-2.7.2.jar;D:\Maven\.m2\repository\org\apache\xmlgraphics\batik-parser\1.10\batik-parser-1.10.jar;D:\Maven\.m2\repository\org\apache\xmlgraphics\batik-util\1.10\batik-util-1.10.jar;D:\Maven\.m2\repository\org\apache\xmlgraphics\batik-constants\1.10\batik-constants-1.10.jar;D:\Maven\.m2\repository\org\apache\xmlgraphics\batik-i18n\1.10\batik-i18n-1.10.jar;D:\Maven\.m2\repository\xml-apis\xml-apis-ext\1.3.04\xml-apis-ext-1.3.04.jar;D:\Maven\.m2\repository\org\apache\xmlgraphics\batik-bridge\1.10\batik-bridge-1.10.jar;D:\Maven\.m2\repository\org\apache\xmlgraphics\batik-anim\1.10\batik-anim-1.10.jar;D:\Maven\.m2\repository\org\apache\xmlgraphics\batik-script\1.10\batik-script-1.10.jar;D:\Maven\.m2\repository\org\apache\xmlgraphics\batik-xml\1.10\batik-xml-1.10.jar;D:\Maven\.m2\repository\org\apache\xmlgraphics\batik-awt-util\1.10\batik-awt-util-1.10.jar;D:\Maven\.m2\repository\org\apache\xmlgraphics\batik-gvt\1.10\batik-gvt-1.10.jar;D:\Maven\.m2\repository\org\apache\xmlgraphics\batik-transcoder\1.10\batik-transcoder-1.10.jar;D:\Maven\.m2\repository\org\apache\xmlgraphics\batik-svggen\1.10\batik-svggen-1.10.jar;D:\Maven\.m2\repository\org\apache\xmlgraphics\batik-extension\1.10\batik-extension-1.10.jar;D:\Maven\.m2\repository\org\apache\xmlgraphics\batik-ext\1.10\batik-ext-1.10.jar;D:\Maven\.m2\repository\commons-logging\commons-logging\1.0.4\commons-logging-1.0.4.jar;D:\Maven\.m2\repository\commons-io\commons-io\1.3.1\commons-io-1.3.1.jar;D:\Maven\.m2\repository\org\apache\avalon\framework\avalon-framework-api\4.3.1\avalon-framework-api-4.3.1.jar;D:\Maven\.m2\repository\org\apache\avalon\framework\avalon-framework-impl\4.3.1\avalon-framework-impl-4.3.1.jar;D:\Maven\.m2\repository\org\apache\xmlgraphics\xmlgraphics-commons\2.3\xmlgraphics-commons-2.3.jar;D:\Maven\.m2\repository\com\google\code\findbugs\jsr305\3.0.2\jsr305-3.0.2.jar;D:\Maven\.m2\repository\org\openjfx\javafx-base\16\javafx-base-16.jar;D:\Maven\.m2\repository\xerces\xercesImpl\2.12.0\xercesImpl-2.12.0.jar;D:\Maven\.m2\repository\xml-apis\xml-apis\1.4.01\xml-apis-1.4.01.jar;D:\Maven\.m2\repository\xalan\serializer\2.7.2\serializer-2.7.2.jar;D:\Maven\.m2\repository\org\apache\jena\jena-core\3.9.0\jena-core-3.9.0.jar;D:\Maven\.m2\repository\org\apache\jena\jena-iri\3.9.0\jena-iri-3.9.0.jar;D:\Maven\.m2\repository\commons-cli\commons-cli\1.4\commons-cli-1.4.jar;D:\Maven\.m2\repository\commons-codec\commons-codec\1.11\commons-codec-1.11.jar;D:\Maven\.m2\repository\org\apache\jena\jena-base\3.9.0\jena-base-3.9.0.jar;D:\Maven\.m2\repository\org\apache\jena\jena-shaded-guava\3.9.0\jena-shaded-guava-3.9.0.jar;D:\Maven\.m2\repository\org\apache\commons\commons-csv\1.5\commons-csv-1.5.jar;D:\Maven\.m2\repository\org\apache\commons\commons-compress\1.17\commons-compress-1.17.jar;D:\Maven\.m2\repository\com\github\andrewoma\dexx\collection\0.7\collection-0.7.jar;D:\Maven\.m2\repository\net\rootdev\java-rdfa\0.4.2\java-rdfa-0.4.2.jar;D:\Maven\.m2\repository\commons-validator\commons-validator\1.6\commons-validator-1.6.jar;D:\Maven\.m2\repository\commons-beanutils\commons-beanutils\1.9.2\commons-beanutils-1.9.2.jar;D:\Maven\.m2\repository\commons-digester\commons-digester\1.8.1\commons-digester-1.8.1.jar;D:\Maven\.m2\repository\commons-collections\commons-collections\3.2.2\commons-collections-3.2.2.jar;D:\Maven\.m2\repository\org\apache\commons\commons-lang3\3.9\commons-lang3-3.9.jar;D:\Maven\.m2\repository\org\json\json\20190722\json-20190722.jar;D:\Maven\.m2\repository\pl\project13\maven\git-commit-id-plugin\3.0.1\git-commit-id-plugin-3.0.1.jar;D:\Maven\.m2\repository\org\sonatype\plexus\plexus-build-api\0.0.7\plexus-build-api-0.0.7.jar;D:\Maven\.m2\repository\com\fasterxml\jackson\core\jackson-databind\2.9.9.3\jackson-databind-2.9.9.3.jar;D:\Maven\.m2\repository\com\fasterxml\jackson\core\jackson-annotations\2.9.0\jackson-annotations-2.9.0.jar;D:\Maven\.m2\repository\com\fasterxml\jackson\core\jackson-core\2.9.9\jackson-core-2.9.9.jar;D:\Maven\.m2\repository\joda-time\joda-time\2.10.3\joda-time-2.10.3.jar;D:\Maven\.m2\repository\com\google\guava\guava\28.0-jre\guava-28.0-jre.jar;D:\Maven\.m2\repository\com\google\guava\failureaccess\1.0.1\failureaccess-1.0.1.jar;D:\Maven\.m2\repository\com\google\guava\listenablefuture\9999.0-empty-to-avoid-conflict-with-guava\listenablefuture-9999.0-empty-to-avoid-conflict-with-guava.jar;D:\Maven\.m2\repository\org\checkerframework\checker-qual\2.8.1\checker-qual-2.8.1.jar;D:\Maven\.m2\repository\com\google\errorprone\error_prone_annotations\2.3.2\error_prone_annotations-2.3.2.jar;D:\Maven\.m2\repository\com\google\j2objc\j2objc-annotations\1.3\j2objc-annotations-1.3.jar;D:\Maven\.m2\repository\org\codehaus\mojo\animal-sniffer-annotations\1.17\animal-sniffer-annotations-1.17.jar;D:\Maven\.m2\repository\org\eclipse\jgit\org.eclipse.jgit\5.2.2.201904231744-r\org.eclipse.jgit-5.2.2.201904231744-r.jar;D:\Maven\.m2\repository\com\jcraft\jsch\0.1.54\jsch-0.1.54.jar;D:\Maven\.m2\repository\com\jcraft\jzlib\1.1.1\jzlib-1.1.1.jar;D:\Maven\.m2\repository\com\googlecode\javaewah\JavaEWAH\1.1.6\JavaEWAH-1.1.6.jar;D:\Maven\.m2\repository\org\apache\pdfbox\fontbox\2.0.24\fontbox-2.0.24.jar;D:\Maven\.m2\repository\junit\junit\4.11\junit-4.11.jar;D:\Maven\.m2\repository\org\hamcrest\hamcrest-core\1.3\hamcrest-core-1.3.jar;D:\Maven\.m2\repository\org\openjfx\javafx-graphics\16\javafx-graphics-16.jar;D:\Maven\.m2\repository\org\reactfx\reactfx\2.0-M5\reactfx-2.0-M5.jar;D:\Maven\.m2\repository\org\fxmisc\undo\undofx\2.1.0\undofx-2.1.0.jar;D:\Maven\.m2\repository\org\fxmisc\flowless\flowless\0.6.3\flowless-0.6.3.jar;D:\Maven\.m2\repository\org\fxmisc\wellbehaved\wellbehavedfx\0.3.3\wellbehavedfx-0.3.3.jar;D:\Maven\.m2\repository\org\apache\maven\plugins\maven-pmd-plugin\3.15.0\maven-pmd-plugin-3.15.0.jar;D:\Maven\.m2\repository\org\apache\maven\maven-core\3.1.0\maven-core-3.1.0.jar;D:\Maven\.m2\repository\org\apache\maven\maven-settings\3.1.0\maven-settings-3.1.0.jar;D:\Maven\.m2\repository\org\apache\maven\maven-settings-builder\3.1.0\maven-settings-builder-3.1.0.jar;D:\Maven\.m2\repository\org\apache\maven\maven-repository-metadata\3.1.0\maven-repository-metadata-3.1.0.jar;D:\Maven\.m2\repository\org\apache\maven\maven-model-builder\3.1.0\maven-model-builder-3.1.0.jar;D:\Maven\.m2\repository\org\apache\maven\maven-aether-provider\3.1.0\maven-aether-provider-3.1.0.jar;D:\Maven\.m2\repository\org\eclipse\aether\aether-spi\0.9.0.M2\aether-spi-0.9.0.M2.jar;D:\Maven\.m2\repository\org\eclipse\aether\aether-impl\0.9.0.M2\aether-impl-0.9.0.M2.jar;D:\Maven\.m2\repository\org\eclipse\aether\aether-api\0.9.0.M2\aether-api-0.9.0.M2.jar;D:\Maven\.m2\repository\org\eclipse\aether\aether-util\0.9.0.M2\aether-util-0.9.0.M2.jar;D:\Maven\.m2\repository\org\eclipse\sisu\org.eclipse.sisu.plexus\0.0.0.M2a\org.eclipse.sisu.plexus-0.0.0.M2a.jar;D:\Maven\.m2\repository\javax\enterprise\cdi-api\1.0\cdi-api-1.0.jar;D:\Maven\.m2\repository\javax\annotation\jsr250-api\1.0\jsr250-api-1.0.jar;D:\Maven\.m2\repository\javax\inject\javax.inject\1\javax.inject-1.jar;D:\Maven\.m2\repository\org\sonatype\sisu\sisu-guice\3.1.0\sisu-guice-3.1.0-no_aop.jar;D:\Maven\.m2\repository\aopalliance\aopalliance\1.0\aopalliance-1.0.jar;D:\Maven\.m2\repository\org\eclipse\sisu\org.eclipse.sisu.inject\0.0.0.M2a\org.eclipse.sisu.inject-0.0.0.M2a.jar;D:\Maven\.m2\repository\asm\asm\3.3.1\asm-3.3.1.jar;D:\Maven\.m2\repository\org\codehaus\plexus\plexus-interpolation\1.16\plexus-interpolation-1.16.jar;D:\Maven\.m2\repository\org\codehaus\plexus\plexus-classworlds\2.4.2\plexus-classworlds-2.4.2.jar;D:\Maven\.m2\repository\org\codehaus\plexus\plexus-component-annotations\1.5.5\plexus-component-annotations-1.5.5.jar;D:\Maven\.m2\repository\org\sonatype\plexus\plexus-sec-dispatcher\1.3\plexus-sec-dispatcher-1.3.jar;D:\Maven\.m2\repository\org\sonatype\plexus\plexus-cipher\1.4\plexus-cipher-1.4.jar;D:\Maven\.m2\repository\org\apache\maven\maven-artifact\3.1.0\maven-artifact-3.1.0.jar;D:\Maven\.m2\repository\org\apache\maven\maven-model\3.1.0\maven-model-3.1.0.jar;D:\Maven\.m2\repository\org\apache\maven\maven-plugin-api\3.1.0\maven-plugin-api-3.1.0.jar;D:\Maven\.m2\repository\org\apache\maven\shared\maven-artifact-transfer\0.11.0\maven-artifact-transfer-0.11.0.jar;D:\Maven\.m2\repository\org\apache\maven\shared\maven-common-artifact-filters\3.1.0\maven-common-artifact-filters-3.1.0.jar;D:\Maven\.m2\repository\org\sonatype\sisu\sisu-inject-plexus\1.4.2\sisu-inject-plexus-1.4.2.jar;D:\Maven\.m2\repository\org\sonatype\sisu\sisu-inject-bean\1.4.2\sisu-inject-bean-1.4.2.jar;D:\Maven\.m2\repository\net\sourceforge\pmd\pmd-core\6.38.0\pmd-core-6.38.0.jar;D:\Maven\.m2\repository\org\antlr\antlr4-runtime\4.7.2\antlr4-runtime-4.7.2.jar;D:\Maven\.m2\repository\com\beust\jcommander\1.48\jcommander-1.48.jar;D:\Maven\.m2\repository\net\sourceforge\saxon\saxon\9.1.0.8\saxon-9.1.0.8.jar;D:\Maven\.m2\repository\org\ow2\asm\asm\9.2\asm-9.2.jar;D:\Maven\.m2\repository\com\google\code\gson\gson\2.8.5\gson-2.8.5.jar;D:\Maven\.m2\repository\net\sourceforge\saxon\saxon\9.1.0.8\saxon-9.1.0.8-dom.jar;D:\Maven\.m2\repository\net\sourceforge\pmd\pmd-java\6.38.0\pmd-java-6.38.0.jar;D:\Maven\.m2\repository\net\sourceforge\pmd\pmd-javascript\6.38.0\pmd-javascript-6.38.0.jar;D:\Maven\.m2\repository\org\mozilla\rhino\1.7.13\rhino-1.7.13.jar;D:\Maven\.m2\repository\net\sourceforge\pmd\pmd-jsp\6.38.0\pmd-jsp-6.38.0.jar;D:\Maven\.m2\repository\org\slf4j\slf4j-api\1.7.25\slf4j-api-1.7.25.jar;D:\Maven\.m2\repository\org\slf4j\jul-to-slf4j\1.7.25\jul-to-slf4j-1.7.25.jar;D:\Maven\.m2\repository\org\apache\maven\doxia\doxia-sink-api\1.9.1\doxia-sink-api-1.9.1.jar;D:\Maven\.m2\repository\org\apache\maven\doxia\doxia-logging-api\1.9.1\doxia-logging-api-1.9.1.jar;D:\Maven\.m2\repository\org\apache\maven\doxia\doxia-decoration-model\1.9.2\doxia-decoration-model-1.9.2.jar;D:\Maven\.m2\repository\org\apache\maven\doxia\doxia-site-renderer\1.9.2\doxia-site-renderer-1.9.2.jar;D:\Maven\.m2\repository\org\apache\maven\doxia\doxia-core\1.9.1\doxia-core-1.9.1.jar;D:\Maven\.m2\repository\org\apache\httpcomponents\httpclient\4.5.8\httpclient-4.5.8.jar;D:\Maven\.m2\repository\org\apache\httpcomponents\httpcore\4.4.11\httpcore-4.4.11.jar;D:\Maven\.m2\repository\org\apache\maven\doxia\doxia-skin-model\1.9.2\doxia-skin-model-1.9.2.jar;D:\Maven\.m2\repository\org\apache\maven\doxia\doxia-module-xhtml\1.9.1\doxia-module-xhtml-1.9.1.jar;D:\Maven\.m2\repository\org\apache\maven\doxia\doxia-module-xhtml5\1.9.1\doxia-module-xhtml5-1.9.1.jar;D:\Maven\.m2\repository\org\codehaus\plexus\plexus-i18n\1.0-beta-10\plexus-i18n-1.0-beta-10.jar;D:\Maven\.m2\repository\org\codehaus\plexus\plexus-container-default\1.0-alpha-30\plexus-container-default-1.0-alpha-30.jar;D:\Maven\.m2\repository\org\codehaus\plexus\plexus-velocity\1.2\plexus-velocity-1.2.jar;D:\Maven\.m2\repository\org\apache\velocity\velocity\1.7\velocity-1.7.jar;D:\Maven\.m2\repository\commons-lang\commons-lang\2.4\commons-lang-2.4.jar;D:\Maven\.m2\repository\org\apache\velocity\velocity-tools\2.0\velocity-tools-2.0.jar;D:\Maven\.m2\repository\commons-chain\commons-chain\1.1\commons-chain-1.1.jar;D:\Maven\.m2\repository\dom4j\dom4j\1.1\dom4j-1.1.jar;D:\Maven\.m2\repository\oro\oro\2.0.8\oro-2.0.8.jar;D:\Maven\.m2\repository\org\apache\maven\reporting\maven-reporting-api\3.0\maven-reporting-api-3.0.jar;D:\Maven\.m2\repository\org\apache\maven\reporting\maven-reporting-impl\3.0.0\maven-reporting-impl-3.0.0.jar;D:\Maven\.m2\repository\org\apache\maven\shared\maven-shared-utils\3.3.3\maven-shared-utils-3.3.3.jar;D:\Maven\.m2\repository\org\codehaus\plexus\plexus-resources\1.1.0\plexus-resources-1.1.0.jar;D:\Maven\.m2\repository\org\codehaus\plexus\plexus-utils\3.3.0\plexus-utils-3.3.0.jar;"/>
    <property name="sun.cpu.endian" value="little"/>
    <property name="user.home" value="C:\Users\95717"/>
    <property name="user.language" value="zh"/>
    <property name="java.specification.vendor" value="Oracle Corporation"/>
    <property name="jdk.module.path" value="D:\study\251Tutorial\githubAss1\assn1project\target\classes;D:\Maven\.m2\repository\org\openjfx\javafx-controls\16\javafx-controls-16-win.jar;D:\Maven\.m2\repository\org\openjfx\javafx-fxml\16\javafx-fxml-16-win.jar;D:\Maven\.m2\repository\com\github\librepdf\openpdf\1.3.26\openpdf-1.3.26.jar;D:\Maven\.m2\repository\com\github\librepdf\openpdf-fonts-extra\1.3.26\openpdf-fonts-extra-1.3.26.jar;D:\Maven\.m2\repository\org\openjfx\javafx-base\16\javafx-base-16-win.jar;D:\Maven\.m2\repository\org\odftoolkit\odfdom-java\1.0.0-BETA1\odfdom-java-1.0.0-BETA1.jar;D:\Maven\.m2\repository\org\odftoolkit\simple-odf\0.9.0-RC1\simple-odf-0.9.0-RC1.jar;D:\Maven\.m2\repository\org\yaml\snakeyaml\1.29\snakeyaml-1.29.jar;D:\Maven\.m2\repository\org\apache\pdfbox\pdfbox\2.0.24\pdfbox-2.0.24.jar;D:\Maven\.m2\repository\org\openjfx\javafx-graphics\16\javafx-graphics-16-win.jar;D:\Maven\.m2\repository\org\fxmisc\richtext\richtextfx\0.10.6\richtextfx-0.10.6.jar"/>
    <property name="java.version.date" value="2021-04-20"/>
    <property name="java.home" value="D:\study\Java\jdk16.0.1"/>
    <property name="file.separator" value="\"/>
    <property name="basedir" value="D:\study\251Tutorial\githubAss1\assn1project"/>
    <property name="java.vm.compressedOopsMode" value="32-bit"/>
    <property name="line.separator" value="&#10;"/>
    <property name="java.vm.specification.vendor" value="Oracle Corporation"/>
    <property name="java.specification.name" value="Java Platform API Specification"/>
    <property name="surefire.real.class.path" value="D:\Maven\.m2\repository\org\apache\maven\surefire\surefire-booter\3.0.0-M5\surefire-booter-3.0.0-M5.jar;D:\Maven\.m2\repository\org\apache\maven\surefire\surefire-api\3.0.0-M5\surefire-api-3.0.0-M5.jar;D:\Maven\.m2\repository\org\apache\maven\surefire\surefire-logger-api\3.0.0-M5\surefire-logger-api-3.0.0-M5.jar;D:\Maven\.m2\repository\org\apache\maven\surefire\surefire-shared-utils\3.0.0-M4\surefire-shared-utils-3.0.0-M4.jar;D:\Maven\.m2\repository\org\apache\maven\surefire\surefire-extensions-spi\3.0.0-M5\surefire-extensions-spi-3.0.0-M5.jar;D:\study\251Tutorial\githubAss1\assn1project\target\test-classes;D:\Maven\.m2\repository\org\openjfx\javafx-controls\16\javafx-controls-16.jar;D:\Maven\.m2\repository\org\openjfx\javafx-fxml\16\javafx-fxml-16.jar;D:\Maven\.m2\repository\org\apache\xmlgraphics\fop\2.3\fop-2.3.jar;D:\Maven\.m2\repository\org\apache\xmlgraphics\batik-svg-dom\1.10\batik-svg-dom-1.10.jar;D:\Maven\.m2\repository\org\apache\xmlgraphics\batik-css\1.10\batik-css-1.10.jar;D:\Maven\.m2\repository\org\apache\xmlgraphics\batik-dom\1.10\batik-dom-1.10.jar;D:\Maven\.m2\repository\xalan\xalan\2.7.2\xalan-2.7.2.jar;D:\Maven\.m2\repository\org\apache\xmlgraphics\batik-parser\1.10\batik-parser-1.10.jar;D:\Maven\.m2\repository\org\apache\xmlgraphics\batik-util\1.10\batik-util-1.10.jar;D:\Maven\.m2\repository\org\apache\xmlgraphics\batik-constants\1.10\batik-constants-1.10.jar;D:\Maven\.m2\repository\org\apache\xmlgraphics\batik-i18n\1.10\batik-i18n-1.10.jar;D:\Maven\.m2\repository\xml-apis\xml-apis-ext\1.3.04\xml-apis-ext-1.3.04.jar;D:\Maven\.m2\repository\org\apache\xmlgraphics\batik-bridge\1.10\batik-bridge-1.10.jar;D:\Maven\.m2\repository\org\apache\xmlgraphics\batik-anim\1.10\batik-anim-1.10.jar;D:\Maven\.m2\repository\org\apache\xmlgraphics\batik-script\1.10\batik-script-1.10.jar;D:\Maven\.m2\repository\org\apache\xmlgraphics\batik-xml\1.10\batik-xml-1.10.jar;D:\Maven\.m2\repository\org\apache\xmlgraphics\batik-awt-util\1.10\batik-awt-util-1.10.jar;D:\Maven\.m2\repository\org\apache\xmlgraphics\batik-gvt\1.10\batik-gvt-1.10.jar;D:\Maven\.m2\repository\org\apache\xmlgraphics\batik-transcoder\1.10\batik-transcoder-1.10.jar;D:\Maven\.m2\repository\org\apache\xmlgraphics\batik-svggen\1.10\batik-svggen-1.10.jar;D:\Maven\.m2\repository\org\apache\xmlgraphics\batik-extension\1.10\batik-extension-1.10.jar;D:\Maven\.m2\repository\org\apache\xmlgraphics\batik-ext\1.10\batik-ext-1.10.jar;D:\Maven\.m2\repository\commons-logging\commons-logging\1.0.4\commons-logging-1.0.4.jar;D:\Maven\.m2\repository\commons-io\commons-io\1.3.1\commons-io-1.3.1.jar;D:\Maven\.m2\repository\org\apache\avalon\framework\avalon-framework-api\4.3.1\avalon-framework-api-4.3.1.jar;D:\Maven\.m2\repository\org\apache\avalon\framework\avalon-framework-impl\4.3.1\avalon-framework-impl-4.3.1.jar;D:\Maven\.m2\repository\org\apache\xmlgraphics\xmlgraphics-commons\2.3\xmlgraphics-commons-2.3.jar;D:\Maven\.m2\repository\com\google\code\findbugs\jsr305\3.0.2\jsr305-3.0.2.jar;D:\Maven\.m2\repository\org\openjfx\javafx-base\16\javafx-base-16.jar;D:\Maven\.m2\repository\xerces\xercesImpl\2.12.0\xercesImpl-2.12.0.jar;D:\Maven\.m2\repository\xml-apis\xml-apis\1.4.01\xml-apis-1.4.01.jar;D:\Maven\.m2\repository\xalan\serializer\2.7.2\serializer-2.7.2.jar;D:\Maven\.m2\repository\org\apache\jena\jena-core\3.9.0\jena-core-3.9.0.jar;D:\Maven\.m2\repository\org\apache\jena\jena-iri\3.9.0\jena-iri-3.9.0.jar;D:\Maven\.m2\repository\commons-cli\commons-cli\1.4\commons-cli-1.4.jar;D:\Maven\.m2\repository\commons-codec\commons-codec\1.11\commons-codec-1.11.jar;D:\Maven\.m2\repository\org\apache\jena\jena-base\3.9.0\jena-base-3.9.0.jar;D:\Maven\.m2\repository\org\apache\jena\jena-shaded-guava\3.9.0\jena-shaded-guava-3.9.0.jar;D:\Maven\.m2\repository\org\apache\commons\commons-csv\1.5\commons-csv-1.5.jar;D:\Maven\.m2\repository\org\apache\commons\commons-compress\1.17\commons-compress-1.17.jar;D:\Maven\.m2\repository\com\github\andrewoma\dexx\collection\0.7\collection-0.7.jar;D:\Maven\.m2\repository\net\rootdev\java-rdfa\0.4.2\java-rdfa-0.4.2.jar;D:\Maven\.m2\repository\commons-validator\commons-validator\1.6\commons-validator-1.6.jar;D:\Maven\.m2\repository\commons-beanutils\commons-beanutils\1.9.2\commons-beanutils-1.9.2.jar;D:\Maven\.m2\repository\commons-digester\commons-digester\1.8.1\commons-digester-1.8.1.jar;D:\Maven\.m2\repository\commons-collections\commons-collections\3.2.2\commons-collections-3.2.2.jar;D:\Maven\.m2\repository\org\apache\commons\commons-lang3\3.9\commons-lang3-3.9.jar;D:\Maven\.m2\repository\org\json\json\20190722\json-20190722.jar;D:\Maven\.m2\repository\pl\project13\maven\git-commit-id-plugin\3.0.1\git-commit-id-plugin-3.0.1.jar;D:\Maven\.m2\repository\org\sonatype\plexus\plexus-build-api\0.0.7\plexus-build-api-0.0.7.jar;D:\Maven\.m2\repository\com\fasterxml\jackson\core\jackson-databind\2.9.9.3\jackson-databind-2.9.9.3.jar;D:\Maven\.m2\repository\com\fasterxml\jackson\core\jackson-annotations\2.9.0\jackson-annotations-2.9.0.jar;D:\Maven\.m2\repository\com\fasterxml\jackson\core\jackson-core\2.9.9\jackson-core-2.9.9.jar;D:\Maven\.m2\repository\joda-time\joda-time\2.10.3\joda-time-2.10.3.jar;D:\Maven\.m2\repository\com\google\guava\guava\28.0-jre\guava-28.0-jre.jar;D:\Maven\.m2\repository\com\google\guava\failureaccess\1.0.1\failureaccess-1.0.1.jar;D:\Maven\.m2\repository\com\google\guava\listenablefuture\9999.0-empty-to-avoid-conflict-with-guava\listenablefuture-9999.0-empty-to-avoid-conflict-with-guava.jar;D:\Maven\.m2\repository\org\checkerframework\checker-qual\2.8.1\checker-qual-2.8.1.jar;D:\Maven\.m2\repository\com\google\errorprone\error_prone_annotations\2.3.2\error_prone_annotations-2.3.2.jar;D:\Maven\.m2\repository\com\google\j2objc\j2objc-annotations\1.3\j2objc-annotations-1.3.jar;D:\Maven\.m2\repository\org\codehaus\mojo\animal-sniffer-annotations\1.17\animal-sniffer-annotations-1.17.jar;D:\Maven\.m2\repository\org\eclipse\jgit\org.eclipse.jgit\5.2.2.201904231744-r\org.eclipse.jgit-5.2.2.201904231744-r.jar;D:\Maven\.m2\repository\com\jcraft\jsch\0.1.54\jsch-0.1.54.jar;D:\Maven\.m2\repository\com\jcraft\jzlib\1.1.1\jzlib-1.1.1.jar;D:\Maven\.m2\repository\com\googlecode\javaewah\JavaEWAH\1.1.6\JavaEWAH-1.1.6.jar;D:\Maven\.m2\repository\org\apache\pdfbox\fontbox\2.0.24\fontbox-2.0.24.jar;D:\Maven\.m2\repository\junit\junit\4.11\junit-4.11.jar;D:\Maven\.m2\repository\org\hamcrest\hamcrest-core\1.3\hamcrest-core-1.3.jar;D:\Maven\.m2\repository\org\openjfx\javafx-graphics\16\javafx-graphics-16.jar;D:\Maven\.m2\repository\org\reactfx\reactfx\2.0-M5\reactfx-2.0-M5.jar;D:\Maven\.m2\repository\org\fxmisc\undo\undofx\2.1.0\undofx-2.1.0.jar;D:\Maven\.m2\repository\org\fxmisc\flowless\flowless\0.6.3\flowless-0.6.3.jar;D:\Maven\.m2\repository\org\fxmisc\wellbehaved\wellbehavedfx\0.3.3\wellbehavedfx-0.3.3.jar;D:\Maven\.m2\repository\org\apache\maven\plugins\maven-pmd-plugin\3.15.0\maven-pmd-plugin-3.15.0.jar;D:\Maven\.m2\repository\org\apache\maven\maven-core\3.1.0\maven-core-3.1.0.jar;D:\Maven\.m2\repository\org\apache\maven\maven-settings\3.1.0\maven-settings-3.1.0.jar;D:\Maven\.m2\repository\org\apache\maven\maven-settings-builder\3.1.0\maven-settings-builder-3.1.0.jar;D:\Maven\.m2\repository\org\apache\maven\maven-repository-metadata\3.1.0\maven-repository-metadata-3.1.0.jar;D:\Maven\.m2\repository\org\apache\maven\maven-model-builder\3.1.0\maven-model-builder-3.1.0.jar;D:\Maven\.m2\repository\org\apache\maven\maven-aether-provider\3.1.0\maven-aether-provider-3.1.0.jar;D:\Maven\.m2\repository\org\eclipse\aether\aether-spi\0.9.0.M2\aether-spi-0.9.0.M2.jar;D:\Maven\.m2\repository\org\eclipse\aether\aether-impl\0.9.0.M2\aether-impl-0.9.0.M2.jar;D:\Maven\.m2\repository\org\eclipse\aether\aether-api\0.9.0.M2\aether-api-0.9.0.M2.jar;D:\Maven\.m2\repository\org\eclipse\aether\aether-util\0.9.0.M2\aether-util-0.9.0.M2.jar;D:\Maven\.m2\repository\org\eclipse\sisu\org.eclipse.sisu.plexus\0.0.0.M2a\org.eclipse.sisu.plexus-0.0.0.M2a.jar;D:\Maven\.m2\repository\javax\enterprise\cdi-api\1.0\cdi-api-1.0.jar;D:\Maven\.m2\repository\javax\annotation\jsr250-api\1.0\jsr250-api-1.0.jar;D:\Maven\.m2\repository\javax\inject\javax.inject\1\javax.inject-1.jar;D:\Maven\.m2\repository\org\sonatype\sisu\sisu-guice\3.1.0\sisu-guice-3.1.0-no_aop.jar;D:\Maven\.m2\repository\aopalliance\aopalliance\1.0\aopalliance-1.0.jar;D:\Maven\.m2\repository\org\eclipse\sisu\org.eclipse.sisu.inject\0.0.0.M2a\org.eclipse.sisu.inject-0.0.0.M2a.jar;D:\Maven\.m2\repository\asm\asm\3.3.1\asm-3.3.1.jar;D:\Maven\.m2\repository\org\codehaus\plexus\plexus-interpolation\1.16\plexus-interpolation-1.16.jar;D:\Maven\.m2\repository\org\codehaus\plexus\plexus-classworlds\2.4.2\plexus-classworlds-2.4.2.jar;D:\Maven\.m2\repository\org\codehaus\plexus\plexus-component-annotations\1.5.5\plexus-component-annotations-1.5.5.jar;D:\Maven\.m2\repository\org\sonatype\plexus\plexus-sec-dispatcher\1.3\plexus-sec-dispatcher-1.3.jar;D:\Maven\.m2\repository\org\sonatype\plexus\plexus-cipher\1.4\plexus-cipher-1.4.jar;D:\Maven\.m2\repository\org\apache\maven\maven-artifact\3.1.0\maven-artifact-3.1.0.jar;D:\Maven\.m2\repository\org\apache\maven\maven-model\3.1.0\maven-model-3.1.0.jar;D:\Maven\.m2\repository\org\apache\maven\maven-plugin-api\3.1.0\maven-plugin-api-3.1.0.jar;D:\Maven\.m2\repository\org\apache\maven\shared\maven-artifact-transfer\0.11.0\maven-artifact-transfer-0.11.0.jar;D:\Maven\.m2\repository\org\apache\maven\shared\maven-common-artifact-filters\3.1.0\maven-common-artifact-filters-3.1.0.jar;D:\Maven\.m2\repository\org\sonatype\sisu\sisu-inject-plexus\1.4.2\sisu-inject-plexus-1.4.2.jar;D:\Maven\.m2\repository\org\sonatype\sisu\sisu-inject-bean\1.4.2\sisu-inject-bean-1.4.2.jar;D:\Maven\.m2\repository\net\sourceforge\pmd\pmd-core\6.38.0\pmd-core-6.38.0.jar;D:\Maven\.m2\repository\org\antlr\antlr4-runtime\4.7.2\antlr4-runtime-4.7.2.jar;D:\Maven\.m2\repository\com\beust\jcommander\1.48\jcommander-1.48.jar;D:\Maven\.m2\repository\net\sourceforge\saxon\saxon\9.1.0.8\saxon-9.1.0.8.jar;D:\Maven\.m2\repository\org\ow2\asm\asm\9.2\asm-9.2.jar;D:\Maven\.m2\repository\com\google\code\gson\gson\2.8.5\gson-2.8.5.jar;D:\Maven\.m2\repository\net\sourceforge\saxon\saxon\9.1.0.8\saxon-9.1.0.8-dom.jar;D:\Maven\.m2\repository\net\sourceforge\pmd\pmd-java\6.38.0\pmd-java-6.38.0.jar;D:\Maven\.m2\repository\net\sourceforge\pmd\pmd-javascript\6.38.0\pmd-javascript-6.38.0.jar;D:\Maven\.m2\repository\org\mozilla\rhino\1.7.13\rhino-1.7.13.jar;D:\Maven\.m2\repository\net\sourceforge\pmd\pmd-jsp\6.38.0\pmd-jsp-6.38.0.jar;D:\Maven\.m2\repository\org\slf4j\slf4j-api\1.7.25\slf4j-api-1.7.25.jar;D:\Maven\.m2\repository\org\slf4j\jul-to-slf4j\1.7.25\jul-to-slf4j-1.7.25.jar;D:\Maven\.m2\repository\org\apache\maven\doxia\doxia-sink-api\1.9.1\doxia-sink-api-1.9.1.jar;D:\Maven\.m2\repository\org\apache\maven\doxia\doxia-logging-api\1.9.1\doxia-logging-api-1.9.1.jar;D:\Maven\.m2\repository\org\apache\maven\doxia\doxia-decoration-model\1.9.2\doxia-decoration-model-1.9.2.jar;D:\Maven\.m2\repository\org\apache\maven\doxia\doxia-site-renderer\1.9.2\doxia-site-renderer-1.9.2.jar;D:\Maven\.m2\repository\org\apache\maven\doxia\doxia-core\1.9.1\doxia-core-1.9.1.jar;D:\Maven\.m2\repository\org\apache\httpcomponents\httpclient\4.5.8\httpclient-4.5.8.jar;D:\Maven\.m2\repository\org\apache\httpcomponents\httpcore\4.4.11\httpcore-4.4.11.jar;D:\Maven\.m2\repository\org\apache\maven\doxia\doxia-skin-model\1.9.2\doxia-skin-model-1.9.2.jar;D:\Maven\.m2\repository\org\apache\maven\doxia\doxia-module-xhtml\1.9.1\doxia-module-xhtml-1.9.1.jar;D:\Maven\.m2\repository\org\apache\maven\doxia\doxia-module-xhtml5\1.9.1\doxia-module-xhtml5-1.9.1.jar;D:\Maven\.m2\repository\org\codehaus\plexus\plexus-i18n\1.0-beta-10\plexus-i18n-1.0-beta-10.jar;D:\Maven\.m2\repository\org\codehaus\plexus\plexus-container-default\1.0-alpha-30\plexus-container-default-1.0-alpha-30.jar;D:\Maven\.m2\repository\org\codehaus\plexus\plexus-velocity\1.2\plexus-velocity-1.2.jar;D:\Maven\.m2\repository\org\apache\velocity\velocity\1.7\velocity-1.7.jar;D:\Maven\.m2\repository\commons-lang\commons-lang\2.4\commons-lang-2.4.jar;D:\Maven\.m2\repository\org\apache\velocity\velocity-tools\2.0\velocity-tools-2.0.jar;D:\Maven\.m2\repository\commons-chain\commons-chain\1.1\commons-chain-1.1.jar;D:\Maven\.m2\repository\dom4j\dom4j\1.1\dom4j-1.1.jar;D:\Maven\.m2\repository\oro\oro\2.0.8\oro-2.0.8.jar;D:\Maven\.m2\repository\org\apache\maven\reporting\maven-reporting-api\3.0\maven-reporting-api-3.0.jar;D:\Maven\.m2\repository\org\apache\maven\reporting\maven-reporting-impl\3.0.0\maven-reporting-impl-3.0.0.jar;D:\Maven\.m2\repository\org\apache\maven\shared\maven-shared-utils\3.3.3\maven-shared-utils-3.3.3.jar;D:\Maven\.m2\repository\org\codehaus\plexus\plexus-resources\1.1.0\plexus-resources-1.1.0.jar;D:\Maven\.m2\repository\org\codehaus\plexus\plexus-utils\3.3.0\plexus-utils-3.3.0.jar;D:\Maven\.m2\repository\org\apache\maven\surefire\surefire-junit4\3.0.0-M5\surefire-junit4-3.0.0-M5.jar;D:\Maven\.m2\repository\org\apache\maven\surefire\common-java5\3.0.0-M5\common-java5-3.0.0-M5.jar;D:\Maven\.m2\repository\org\apache\maven\surefire\common-junit3\3.0.0-M5\common-junit3-3.0.0-M5.jar;D:\Maven\.m2\repository\org\apache\maven\surefire\common-junit4\3.0.0-M5\common-junit4-3.0.0-M5.jar"/>
    <property name="user.script" value=""/>
    <property name="sun.management.compiler" value="HotSpot 64-Bit Tiered Compilers"/>
    <property name="java.runtime.version" value="16.0.1+9-24"/>
    <property name="user.name" value="95717"/>
    <property name="path.separator" value=";"/>
    <property name="os.version" value="10.0"/>
    <property name="java.runtime.name" value="Java(TM) SE Runtime Environment"/>
    <property name="file.encoding" value="GBK"/>
    <property name="java.vm.name" value="Java HotSpot(TM) 64-Bit Server VM"/>
    <property name="localRepository" value="D:\Maven\.m2\repository"/>
    <property name="java.vendor.url.bug" value="https://bugreport.java.com/bugreport/"/>
    <property name="java.io.tmpdir" value="C:\Users\95717\AppData\Local\Temp\"/>
    <property name="java.version" value="16.0.1"/>
    <property name="user.dir" value="D:\study\251Tutorial\githubAss1\assn1project"/>
    <property name="os.arch" value="amd64"/>
    <property name="java.vm.specification.name" value="Java Virtual Machine Specification"/>
    <property name="sun.os.patch.level" value=""/>
    <property name="java.library.path" value="D:\study\Java\jdk16.0.1\bin;C:\WINDOWS\Sun\Java\bin;C:\WINDOWS\system32;C:\WINDOWS;D:\Tools\VMware\VMware Workstation\bin\;C:\Program Files\Common Files\Oracle\Java\javapath;C:\Program Files (x86)\Common Files\Oracle\Java\javapath;C:\WINDOWS\system32;C:\WINDOWS;C:\WINDOWS\System32\Wbem;C:\WINDOWS\System32\WindowsPowerShell\v1.0\;C:\WINDOWS\System32\OpenSSH\;D:\study\Git\cmd;D:\study\Java\jdk16.0.1\bin\;D:\study\maven\apache-maven-3.8.2-bin\apache-maven-3.8.2\bin;C:\Users\95717\AppData\Local\Programs\Python\Python38\Scripts\;C:\Users\95717\AppData\Local\Programs\Python\Python38\;C:\Users\95717\AppData\Local\Microsoft\WindowsApps;D:\Tools\BandiZip\;D:\study\IntelliJ IDEA 2021.2.2\bin;;D:\study\JetBrains\JetBrains Rider 2021.2.1\bin;;D:\study\PyCharm\PyCharm 2021.2.2\bin;;D:\study\IDEA\IntelliJ IDEA Community Edition 2021.2.2\bin;;D:\study\Microsoft VS Code\bin;."/>
    <property name="java.vm.info" value="mixed mode"/>
    <property name="java.vendor" value="Oracle Corporation"/>
    <property name="java.vm.version" value="16.0.1+9-24"/>
    <property name="sun.io.unicode.encoding" value="UnicodeLittle"/>
    <property name="java.class.version" value="60.0"/>
  </properties>
  <testcase name="search" classname="lixinandzhaoxw.assessment1project.assessment1Test" time="0.015"/>
  <testcase name="toopen" classname="lixinandzhaoxw.assessment1project.assessment1Test" time="0.271"/>
  <testcase name="tosave" classname="lixinandzhaoxw.assessment1project.assessment1Test" time="0.003"/>
</testsuite>